<?xml version="1.0" encoding="UTF-8"?>
<testng-results ignored="0" total="1" passed="1" failed="0" skipped="0">
  <reporter-output>
  </reporter-output>
  <suite started-at="2023-04-18T21:51:22 IST" name="Default suite" finished-at="2023-04-18T21:52:44 IST" duration-ms="81794">
    <groups>
      <group name="cucumber">
        <method signature="AbstractTestNGCucumberTests.runScenario(io.cucumber.testng.PickleWrapper,io.cucumber.testng.FeatureWrapper)[pri:0, instance:runner.RunnerIO@5d7148e2]" name="runScenario" class="io.cucumber.testng.AbstractTestNGCucumberTests"/>
      </group> <!-- cucumber -->
    </groups>
    <test started-at="2023-04-18T21:51:22 IST" name="Default test" finished-at="2023-04-18T21:52:44 IST" duration-ms="81794">
      <class name="runner.RunnerIO">
        <test-method is-config="true" signature="setUpClass()[pri:0, instance:runner.RunnerIO@5d7148e2]" started-at="2023-04-18T21:51:22 IST" name="setUpClass" finished-at="2023-04-18T21:51:23 IST" duration-ms="374" status="PASS">
          <reporter-output>
          </reporter-output>
        </test-method> <!-- setUpClass -->
        <test-method signature="runScenario(io.cucumber.testng.PickleWrapper,io.cucumber.testng.FeatureWrapper)[pri:0, instance:runner.RunnerIO@5d7148e2]" started-at="2023-04-18T21:51:23 IST" name="runScenario" description="Runs Cucumber Scenarios" data-provider="scenarios" finished-at="2023-04-18T21:52:44 IST" duration-ms="81309" status="PASS">
          <params>
            <param index="0">
              <value>
                <![CDATA["Login To Vtiger application using valid credentials"]]>
              </value>
            </param>
            <param index="1">
              <value>
                <![CDATA["Optional[Login Feature]"]]>
              </value>
            </param>
          </params>
          <reporter-output>
          </reporter-output>
        </test-method> <!-- runScenario -->
        <test-method is-config="true" signature="tearDownClass()[pri:0, instance:runner.RunnerIO@5d7148e2]" started-at="2023-04-18T21:52:44 IST" name="tearDownClass" finished-at="2023-04-18T21:52:44 IST" duration-ms="25" status="PASS">
          <reporter-output>
          </reporter-output>
        </test-method> <!-- tearDownClass -->
      </class> <!-- runner.RunnerIO -->
    </test> <!-- Default test -->
  </suite> <!-- Default suite -->
</testng-results>
